<?xml version="1.0" encoding="UTF-8"?>
<!-- Generated by org.testng.reporters.JUnitReportReporter -->
<testsuite hostname="Ishaan_Laptop" failures="0" tests="1" name="testCases.TC001_AccountRegistrationTest" time="3.938" errors="0" timestamp="2024-07-10T14:28:04 CDT" skipped="0">
  <testcase classname="testCases.TC001_AccountRegistrationTest" name="verify_account_Registration" time="3.938"/>
</testsuite> <!-- testCases.TC001_AccountRegistrationTest -->
