<?xml version="1.0" encoding="UTF-8"?>
<!-- Generated by org.testng.reporters.JUnitReportReporter -->
<testsuite hostname="Ishaan_Laptop" failures="0" tests="1" name="testCases.TC002_LoginTest" time="1.983" errors="0" timestamp="2024-07-10T14:28:04 CDT" skipped="0">
  <testcase classname="testCases.TC002_LoginTest" name="verify_login" time="1.983"/>
</testsuite> <!-- testCases.TC002_LoginTest -->
